[07-Nov-2023 09:15:51] NOTICE: fpm is running, pid 1780
[07-Nov-2023 09:15:51] NOTICE: ready to handle connections
[07-Nov-2023 09:15:51] NOTICE: systemd monitor interval set to 10000ms
[07-Nov-2023 09:16:04] ERROR: Another FPM instance seems to already listen on /home/field/blog/.migraw/php/fpm.sock
[07-Nov-2023 09:16:04] ERROR: FPM initialization failed
[07-Nov-2023 13:21:33] NOTICE: Terminating ...
[07-Nov-2023 13:21:33] NOTICE: exiting, bye-bye!
[14-Nov-2023 10:41:20] NOTICE: fpm is running, pid 1738
[14-Nov-2023 10:41:20] NOTICE: ready to handle connections
[14-Nov-2023 10:41:20] NOTICE: systemd monitor interval set to 10000ms
[14-Nov-2023 11:39:14] NOTICE: Terminating ...
[14-Nov-2023 11:39:14] NOTICE: exiting, bye-bye!
[14-Nov-2023 12:04:15] NOTICE: fpm is running, pid 11118
[14-Nov-2023 12:04:15] NOTICE: ready to handle connections
[14-Nov-2023 12:04:15] NOTICE: systemd monitor interval set to 10000ms
[05-Dec-2023 08:37:04] NOTICE: fpm is running, pid 780
[05-Dec-2023 08:37:04] NOTICE: ready to handle connections
[05-Dec-2023 08:37:04] NOTICE: systemd monitor interval set to 10000ms
[12-Dec-2023 08:50:39] NOTICE: fpm is running, pid 888
[12-Dec-2023 08:50:39] NOTICE: ready to handle connections
[12-Dec-2023 08:50:39] NOTICE: systemd monitor interval set to 10000ms
