231107 09:15:50 mysqld_safe Starting mariadbd daemon with databases from /home/field/blog/.migraw/mysql/data
2023-11-07  9:15:50 0 [Note] Starting MariaDB 10.6.12-MariaDB-0ubuntu0.22.04.1 source revision  as process 1719
2023-11-07  9:15:50 0 [Note] InnoDB: Compressed tables use zlib 1.2.11
2023-11-07  9:15:50 0 [Note] InnoDB: Number of pools: 1
2023-11-07  9:15:50 0 [Note] InnoDB: Using crc32 + pclmulqdq instructions
2023-11-07  9:15:50 0 [Note] InnoDB: Using liburing
2023-11-07  9:15:50 0 [Note] InnoDB: Initializing buffer pool, total size = 536870912, chunk size = 134217728
2023-11-07  9:15:50 0 [Note] InnoDB: Completed initialization of buffer pool
2023-11-07  9:15:50 0 [Note] InnoDB: Resizing redo log from 100663296 to 67108864 bytes; LSN=41320
2023-11-07  9:15:50 0 [Note] InnoDB: Starting to delete and rewrite log file.
2023-11-07  9:15:50 0 [Note] InnoDB: Setting log file ./ib_logfile101 size to 67108864 bytes
2023-11-07  9:15:50 0 [Note] InnoDB: Renaming log file ./ib_logfile101 to ./ib_logfile0
2023-11-07  9:15:50 0 [Note] InnoDB: New log file created, LSN=41320
2023-11-07  9:15:50 0 [Note] InnoDB: 128 rollback segments are active.
2023-11-07  9:15:50 0 [Note] InnoDB: Creating shared tablespace for temporary tables
2023-11-07  9:15:50 0 [Note] InnoDB: Setting file './ibtmp1' size to 12 MB. Physically writing the file full; Please wait ...
2023-11-07  9:15:50 0 [Note] InnoDB: File './ibtmp1' size is now 12 MB.
2023-11-07  9:15:50 0 [Note] InnoDB: 10.6.12 started; log sequence number 41308; transaction id 14
2023-11-07  9:15:50 0 [Note] InnoDB: Loading buffer pool(s) from /home/field/blog/.migraw/mysql/data/ib_buffer_pool
2023-11-07  9:15:50 0 [Note] Plugin 'FEEDBACK' is disabled.
2023-11-07  9:15:50 0 [Note] InnoDB: Buffer pool(s) load completed at 231107  9:15:50
2023-11-07  9:15:50 0 [Note] Server socket created on IP: '127.0.0.1'.
2023-11-07  9:15:50 0 [Warning] 'user' entry 'root@laptop-oqdldt5f' ignored in --skip-name-resolve mode.
2023-11-07  9:15:50 0 [Warning] 'user' entry '@laptop-oqdldt5f' ignored in --skip-name-resolve mode.
2023-11-07  9:15:50 0 [Warning] 'proxies_priv' entry '@% root@laptop-oqdldt5f' ignored in --skip-name-resolve mode.
2023-11-07  9:15:50 0 [Note] /home/field/migraw/migraw-data/bin/usr/sbin/mariadbd: ready for connections.
Version: '10.6.12-MariaDB-0ubuntu0.22.04.1'  socket: '/home/field/blog/.migraw/mysql/mysql.sock'  port: 3306  Ubuntu 22.04
231107 09:16:04 mysqld_safe A mysqld process already exists
231107 13:21:33 mysqld_safe mysqld from pid file /home/field/blog/.migraw/mysql/mysql.pid ended
231114 10:41:19 mysqld_safe Starting mariadbd daemon with databases from /home/field/blog/.migraw/mysql/data
2023-11-14 10:41:19 0 [Note] Starting MariaDB 10.6.12-MariaDB-0ubuntu0.22.04.1 source revision  as process 1666
2023-11-14 10:41:19 0 [Note] InnoDB: Compressed tables use zlib 1.2.11
2023-11-14 10:41:19 0 [Note] InnoDB: Number of pools: 1
2023-11-14 10:41:19 0 [Note] InnoDB: Using crc32 + pclmulqdq instructions
2023-11-14 10:41:19 0 [Note] InnoDB: Using liburing
2023-11-14 10:41:19 0 [Note] InnoDB: Initializing buffer pool, total size = 536870912, chunk size = 134217728
2023-11-14 10:41:19 0 [Note] InnoDB: Completed initialization of buffer pool
2023-11-14 10:41:19 0 [Note] InnoDB: Starting crash recovery from checkpoint LSN=41484,41484
2023-11-14 10:41:19 0 [Note] InnoDB: Starting final batch to recover 2 pages from redo log.
2023-11-14 10:41:19 0 [Note] InnoDB: 128 rollback segments are active.
2023-11-14 10:41:19 0 [Note] InnoDB: Removed temporary tablespace data file: "./ibtmp1"
2023-11-14 10:41:19 0 [Note] InnoDB: Creating shared tablespace for temporary tables
2023-11-14 10:41:19 0 [Note] InnoDB: Setting file './ibtmp1' size to 12 MB. Physically writing the file full; Please wait ...
2023-11-14 10:41:19 0 [Note] InnoDB: File './ibtmp1' size is now 12 MB.
2023-11-14 10:41:19 0 [Note] InnoDB: 10.6.12 started; log sequence number 42522; transaction id 14
2023-11-14 10:41:19 0 [Note] InnoDB: Loading buffer pool(s) from /home/field/blog/.migraw/mysql/data/ib_buffer_pool
2023-11-14 10:41:19 0 [Note] Plugin 'FEEDBACK' is disabled.
2023-11-14 10:41:19 0 [Note] InnoDB: Buffer pool(s) load completed at 231114 10:41:19
2023-11-14 10:41:19 0 [Note] Server socket created on IP: '127.0.0.1'.
2023-11-14 10:41:19 0 [Warning] 'user' entry 'root@laptop-oqdldt5f' ignored in --skip-name-resolve mode.
2023-11-14 10:41:19 0 [Warning] 'user' entry '@laptop-oqdldt5f' ignored in --skip-name-resolve mode.
2023-11-14 10:41:19 0 [Warning] 'proxies_priv' entry '@% root@laptop-oqdldt5f' ignored in --skip-name-resolve mode.
2023-11-14 10:41:19 0 [Note] /home/field/migraw/migraw-data/bin/usr/sbin/mariadbd: ready for connections.
Version: '10.6.12-MariaDB-0ubuntu0.22.04.1'  socket: '/home/field/blog/.migraw/mysql/mysql.sock'  port: 3306  Ubuntu 22.04
231114 11:39:14 mysqld_safe mysqld from pid file /home/field/blog/.migraw/mysql/mysql.pid ended
231114 12:04:14 mysqld_safe Starting mariadbd daemon with databases from /home/field/blog/.migraw/mysql/data
2023-11-14 12:04:14 0 [Note] Starting MariaDB 10.6.12-MariaDB-0ubuntu0.22.04.1 source revision  as process 11047
2023-11-14 12:04:14 0 [Note] InnoDB: Compressed tables use zlib 1.2.11
2023-11-14 12:04:14 0 [Note] InnoDB: Number of pools: 1
2023-11-14 12:04:14 0 [Note] InnoDB: Using crc32 + pclmulqdq instructions
2023-11-14 12:04:14 0 [Note] InnoDB: Using liburing
2023-11-14 12:04:14 0 [Note] InnoDB: Initializing buffer pool, total size = 536870912, chunk size = 134217728
2023-11-14 12:04:14 0 [Note] InnoDB: Completed initialization of buffer pool
2023-11-14 12:04:14 0 [Note] InnoDB: Starting crash recovery from checkpoint LSN=41484,41484
2023-11-14 12:04:14 0 [Note] InnoDB: Starting final batch to recover 2 pages from redo log.
2023-11-14 12:04:14 0 [Note] InnoDB: 128 rollback segments are active.
2023-11-14 12:04:14 0 [Note] InnoDB: Removed temporary tablespace data file: "./ibtmp1"
2023-11-14 12:04:14 0 [Note] InnoDB: Creating shared tablespace for temporary tables
2023-11-14 12:04:14 0 [Note] InnoDB: Setting file './ibtmp1' size to 12 MB. Physically writing the file full; Please wait ...
2023-11-14 12:04:14 0 [Note] InnoDB: File './ibtmp1' size is now 12 MB.
2023-11-14 12:04:14 0 [Note] InnoDB: 10.6.12 started; log sequence number 42602; transaction id 14
2023-11-14 12:04:14 0 [Note] InnoDB: Loading buffer pool(s) from /home/field/blog/.migraw/mysql/data/ib_buffer_pool
2023-11-14 12:04:14 0 [Note] Plugin 'FEEDBACK' is disabled.
2023-11-14 12:04:14 0 [Note] InnoDB: Buffer pool(s) load completed at 231114 12:04:14
2023-11-14 12:04:14 0 [Note] Server socket created on IP: '127.0.0.1'.
2023-11-14 12:04:14 0 [Warning] 'user' entry 'root@laptop-oqdldt5f' ignored in --skip-name-resolve mode.
2023-11-14 12:04:14 0 [Warning] 'user' entry '@laptop-oqdldt5f' ignored in --skip-name-resolve mode.
2023-11-14 12:04:14 0 [Warning] 'proxies_priv' entry '@% root@laptop-oqdldt5f' ignored in --skip-name-resolve mode.
2023-11-14 12:04:14 0 [Note] /home/field/migraw/migraw-data/bin/usr/sbin/mariadbd: ready for connections.
Version: '10.6.12-MariaDB-0ubuntu0.22.04.1'  socket: '/home/field/blog/.migraw/mysql/mysql.sock'  port: 3306  Ubuntu 22.04
231205 08:37:02 mysqld_safe Starting mariadbd daemon with databases from /home/field/blog/.migraw/mysql/data
2023-12-05  8:37:02 0 [Note] Starting MariaDB 10.6.12-MariaDB-0ubuntu0.22.04.1 source revision  as process 707
2023-12-05  8:37:03 0 [Note] InnoDB: Compressed tables use zlib 1.2.11
2023-12-05  8:37:03 0 [Note] InnoDB: Number of pools: 1
2023-12-05  8:37:03 0 [Note] InnoDB: Using crc32 + pclmulqdq instructions
2023-12-05  8:37:03 0 [Note] InnoDB: Using liburing
2023-12-05  8:37:03 0 [Note] InnoDB: Initializing buffer pool, total size = 536870912, chunk size = 134217728
2023-12-05  8:37:03 0 [Note] InnoDB: Completed initialization of buffer pool
2023-12-05  8:37:03 0 [Note] InnoDB: Starting crash recovery from checkpoint LSN=41484,41484
2023-12-05  8:37:03 0 [Note] InnoDB: Starting final batch to recover 2 pages from redo log.
2023-12-05  8:37:03 0 [Note] InnoDB: 128 rollback segments are active.
2023-12-05  8:37:03 0 [Note] InnoDB: Removed temporary tablespace data file: "./ibtmp1"
2023-12-05  8:37:03 0 [Note] InnoDB: Creating shared tablespace for temporary tables
2023-12-05  8:37:03 0 [Note] InnoDB: Setting file './ibtmp1' size to 12 MB. Physically writing the file full; Please wait ...
2023-12-05  8:37:03 0 [Note] InnoDB: File './ibtmp1' size is now 12 MB.
2023-12-05  8:37:03 0 [Note] InnoDB: 10.6.12 started; log sequence number 42682; transaction id 14
2023-12-05  8:37:03 0 [Note] InnoDB: Loading buffer pool(s) from /home/field/blog/.migraw/mysql/data/ib_buffer_pool
2023-12-05  8:37:03 0 [Note] Plugin 'FEEDBACK' is disabled.
2023-12-05  8:37:03 0 [Note] InnoDB: Buffer pool(s) load completed at 231205  8:37:03
2023-12-05  8:37:03 0 [Note] Server socket created on IP: '127.0.0.1'.
2023-12-05  8:37:03 0 [Warning] 'user' entry 'root@laptop-oqdldt5f' ignored in --skip-name-resolve mode.
2023-12-05  8:37:03 0 [Warning] 'user' entry '@laptop-oqdldt5f' ignored in --skip-name-resolve mode.
2023-12-05  8:37:03 0 [Warning] 'proxies_priv' entry '@% root@laptop-oqdldt5f' ignored in --skip-name-resolve mode.
2023-12-05  8:37:03 0 [Note] /home/field/migraw/migraw-data/bin/usr/sbin/mariadbd: ready for connections.
Version: '10.6.12-MariaDB-0ubuntu0.22.04.1'  socket: '/home/field/blog/.migraw/mysql/mysql.sock'  port: 3306  Ubuntu 22.04
2023-12-05  9:36:55 20 [Warning] Aborted connection 20 to db: 'blog' user: 'root' host: '127.0.0.1' (Got an error reading communication packets)
2023-12-05 10:27:47 25 [Warning] Aborted connection 25 to db: 'blog' user: 'root' host: '127.0.0.1' (Got an error reading communication packets)
2023-12-05 10:36:02 26 [Warning] Aborted connection 26 to db: 'blog' user: 'root' host: '127.0.0.1' (Got an error reading communication packets)
2023-12-05 10:41:24 28 [Warning] Aborted connection 28 to db: 'blog' user: 'root' host: '127.0.0.1' (Got an error reading communication packets)
2023-12-05 10:43:16 29 [Warning] Aborted connection 29 to db: 'blog' user: 'root' host: '127.0.0.1' (Got an error reading communication packets)
2023-12-05 14:31:47 6 [Warning] Aborted connection 6 to db: 'unconnected' user: 'root' host: '127.0.0.1' (Got an error reading communication packets)
2023-12-05 14:31:47 9 [Warning] Aborted connection 9 to db: 'myapp' user: 'root' host: '127.0.0.1' (Got an error reading communication packets)
2023-12-05 14:31:47 15 [Warning] Aborted connection 15 to db: 'blog' user: 'root' host: '127.0.0.1' (Got an error reading communication packets)
2023-12-05 14:31:47 8 [Warning] Aborted connection 8 to db: 'myapp' user: 'root' host: '127.0.0.1' (Got an error reading communication packets)
2023-12-05 14:31:47 16 [Warning] Aborted connection 16 to db: 'blog' user: 'root' host: '127.0.0.1' (Got an error reading communication packets)
2023-12-05 14:31:47 7 [Warning] Aborted connection 7 to db: 'myapp' user: 'root' host: '127.0.0.1' (Got an error reading communication packets)
231212 08:50:38 mysqld_safe Starting mariadbd daemon with databases from /home/field/blog/.migraw/mysql/data
2023-12-12  8:50:38 0 [Note] Starting MariaDB 10.6.12-MariaDB-0ubuntu0.22.04.1 source revision  as process 827
2023-12-12  8:50:38 0 [Note] InnoDB: Compressed tables use zlib 1.2.11
2023-12-12  8:50:38 0 [Note] InnoDB: Number of pools: 1
2023-12-12  8:50:38 0 [Note] InnoDB: Using crc32 + pclmulqdq instructions
2023-12-12  8:50:38 0 [Note] InnoDB: Using liburing
2023-12-12  8:50:38 0 [Note] InnoDB: Initializing buffer pool, total size = 536870912, chunk size = 134217728
2023-12-12  8:50:38 0 [Note] InnoDB: Completed initialization of buffer pool
2023-12-12  8:50:38 0 [Note] InnoDB: Starting crash recovery from checkpoint LSN=41484,41484
2023-12-12  8:50:38 0 [Note] InnoDB: Starting final batch to recover 32 pages from redo log.
2023-12-12  8:50:38 0 [Note] InnoDB: 128 rollback segments are active.
2023-12-12  8:50:38 0 [Note] InnoDB: Removed temporary tablespace data file: "./ibtmp1"
2023-12-12  8:50:38 0 [Note] InnoDB: Creating shared tablespace for temporary tables
2023-12-12  8:50:38 0 [Note] InnoDB: Setting file './ibtmp1' size to 12 MB. Physically writing the file full; Please wait ...
2023-12-12  8:50:38 0 [Note] InnoDB: File './ibtmp1' size is now 12 MB.
2023-12-12  8:50:38 0 [Note] InnoDB: 10.6.12 started; log sequence number 317870; transaction id 615
2023-12-12  8:50:38 0 [Note] InnoDB: Loading buffer pool(s) from /home/field/blog/.migraw/mysql/data/ib_buffer_pool
2023-12-12  8:50:38 0 [Note] Plugin 'FEEDBACK' is disabled.
2023-12-12  8:50:38 0 [Note] InnoDB: Buffer pool(s) load completed at 231212  8:50:38
2023-12-12  8:50:38 0 [Note] Server socket created on IP: '127.0.0.1'.
2023-12-12  8:50:38 0 [Warning] 'user' entry 'root@laptop-oqdldt5f' ignored in --skip-name-resolve mode.
2023-12-12  8:50:38 0 [Warning] 'user' entry '@laptop-oqdldt5f' ignored in --skip-name-resolve mode.
2023-12-12  8:50:38 0 [Warning] 'proxies_priv' entry '@% root@laptop-oqdldt5f' ignored in --skip-name-resolve mode.
2023-12-12  8:50:38 0 [Note] /home/field/migraw/migraw-data/bin/usr/sbin/mariadbd: ready for connections.
Version: '10.6.12-MariaDB-0ubuntu0.22.04.1'  socket: '/home/field/blog/.migraw/mysql/mysql.sock'  port: 3306  Ubuntu 22.04
